  [1m[35m (2.1ms)[0m  [1m[34mSELECT sqlite_version(*)[0m
  [1m[35m (0.1ms)[0m  [1m[34mSELECT sqlite_version(*)[0m
  [1m[35m (909.1ms)[0m  [1m[35mCREATE DATABASE "api_junior" ENCODING = 'unicode'[0m
  [1m[35m (3.6ms)[0m  [1m[35mCREATE DATABASE "api_junior" ENCODING = 'unicode'[0m
  [1m[35m (157.3ms)[0m  [1m[35mCREATE TABLE "schema_migrations" ("version" character varying NOT NULL PRIMARY KEY)[0m
  [1m[35m (125.7ms)[0m  [1m[35mCREATE TABLE "ar_internal_metadata" ("key" character varying NOT NULL PRIMARY KEY, "value" character varying, "created_at" timestamp(6) NOT NULL, "updated_at" timestamp(6) NOT NULL)[0m
  [1m[35m (0.4ms)[0m  [1m[34mSELECT pg_try_advisory_lock(3857707334040139755)[0m
  [1m[35m (1.0ms)[0m  [1m[34mSELECT "schema_migrations"."version" FROM "schema_migrations" ORDER BY "schema_migrations"."version" ASC[0m
Migrating to CreateDiaries (20210317175347)
  [1m[36mTRANSACTION (0.5ms)[0m  [1m[35mBEGIN[0m
  [1m[35m (106.0ms)[0m  [1m[35mCREATE TABLE "diaries" ("id" bigserial primary key, "title" character varying, "expiration" timestamp, "kind" integer, "created_at" timestamp(6) NOT NULL, "updated_at" timestamp(6) NOT NULL)[0m
  [1m[36mActiveRecord::SchemaMigration Create (1.1ms)[0m  [1m[32mINSERT INTO "schema_migrations" ("version") VALUES ($1) RETURNING "version"[0m  [["version", "20210317175347"]]
  [1m[36mTRANSACTION (28.4ms)[0m  [1m[35mCOMMIT[0m
Migrating to CreateNotes (20210317184843)
  [1m[36mTRANSACTION (0.4ms)[0m  [1m[35mBEGIN[0m
  [1m[35m (102.0ms)[0m  [1m[35mCREATE TABLE "notes" ("id" bigserial primary key, "text" text, "diary_id" bigint, "created_at" timestamp(6) NOT NULL, "updated_at" timestamp(6) NOT NULL, CONSTRAINT "fk_rails_0bf58b9887"
FOREIGN KEY ("diary_id")
  REFERENCES "diaries" ("id")
)[0m
  [1m[35m (55.4ms)[0m  [1m[35mCREATE INDEX "index_notes_on_diary_id" ON "notes" ("diary_id")[0m
  [1m[36mActiveRecord::SchemaMigration Create (1.6ms)[0m  [1m[32mINSERT INTO "schema_migrations" ("version") VALUES ($1) RETURNING "version"[0m  [["version", "20210317184843"]]
  [1m[36mTRANSACTION (51.6ms)[0m  [1m[35mCOMMIT[0m
  [1m[36mActiveRecord::InternalMetadata Load (0.4ms)[0m  [1m[34mSELECT "ar_internal_metadata".* FROM "ar_internal_metadata" WHERE "ar_internal_metadata"."key" = $1 LIMIT $2[0m  [["key", "environment"], ["LIMIT", 1]]
  [1m[36mTRANSACTION (0.5ms)[0m  [1m[35mBEGIN[0m
  [1m[36mActiveRecord::InternalMetadata Create (0.7ms)[0m  [1m[32mINSERT INTO "ar_internal_metadata" ("key", "value", "created_at", "updated_at") VALUES ($1, $2, $3, $4) RETURNING "key"[0m  [["key", "environment"], ["value", "development"], ["created_at", "2021-03-23 06:55:32.880812"], ["updated_at", "2021-03-23 06:55:32.880812"]]
  [1m[36mTRANSACTION (48.6ms)[0m  [1m[35mCOMMIT[0m
  [1m[35m (0.6ms)[0m  [1m[34mSELECT pg_advisory_unlock(3857707334040139755)[0m
  [1m[35m (0.9ms)[0m  [1m[34mSELECT "schema_migrations"."version" FROM "schema_migrations" ORDER BY "schema_migrations"."version" ASC[0m
  [1m[35m (0.8ms)[0m  [1m[34mSELECT "schema_migrations"."version" FROM "schema_migrations" ORDER BY "schema_migrations"."version" ASC[0m
  [1m[36mTRANSACTION (0.3ms)[0m  [1m[35mBEGIN[0m
  [1m[36mDiary Create (1.0ms)[0m  [1m[32mINSERT INTO "diaries" ("title", "expiration", "kind", "created_at", "updated_at") VALUES ($1, $2, $3, $4, $5) RETURNING "id"[0m  [["title", "Consider the Lilies"], ["expiration", "2021-03-22 00:00:00"], ["kind", 1], ["created_at", "2021-03-23 06:55:40.148036"], ["updated_at", "2021-03-23 06:55:40.148036"]]
  [1m[36mTRANSACTION (28.1ms)[0m  [1m[35mCOMMIT[0m
  [1m[36mTRANSACTION (0.3ms)[0m  [1m[35mBEGIN[0m
  [1m[36mDiary Create (0.5ms)[0m  [1m[32mINSERT INTO "diaries" ("title", "expiration", "kind", "created_at", "updated_at") VALUES ($1, $2, $3, $4, $5) RETURNING "id"[0m  [["title", "Postern of Fate"], ["expiration", "2021-03-21 00:00:00"], ["kind", 0], ["created_at", "2021-03-23 06:55:40.182716"], ["updated_at", "2021-03-23 06:55:40.182716"]]
  [1m[36mTRANSACTION (55.6ms)[0m  [1m[35mCOMMIT[0m
  [1m[36mTRANSACTION (0.8ms)[0m  [1m[35mBEGIN[0m
  [1m[36mDiary Create (1.2ms)[0m  [1m[32mINSERT INTO "diaries" ("title", "expiration", "kind", "created_at", "updated_at") VALUES ($1, $2, $3, $4, $5) RETURNING "id"[0m  [["title", "A Darkling Plain"], ["expiration", "2021-03-23 00:00:00"], ["kind", 0], ["created_at", "2021-03-23 06:55:40.245878"], ["updated_at", "2021-03-23 06:55:40.245878"]]
  [1m[36mTRANSACTION (162.0ms)[0m  [1m[35mCOMMIT[0m
  [1m[36mTRANSACTION (0.8ms)[0m  [1m[35mBEGIN[0m
  [1m[36mDiary Create (1.4ms)[0m  [1m[32mINSERT INTO "diaries" ("title", "expiration", "kind", "created_at", "updated_at") VALUES ($1, $2, $3, $4, $5) RETURNING "id"[0m  [["title", "O Jerusalem!"], ["expiration", "2021-03-21 00:00:00"], ["kind", 0], ["created_at", "2021-03-23 06:55:40.420647"], ["updated_at", "2021-03-23 06:55:40.420647"]]
  [1m[36mTRANSACTION (33.2ms)[0m  [1m[35mCOMMIT[0m
  [1m[36mTRANSACTION (0.9ms)[0m  [1m[35mBEGIN[0m
  [1m[36mDiary Create (1.2ms)[0m  [1m[32mINSERT INTO "diaries" ("title", "expiration", "kind", "created_at", "updated_at") VALUES ($1, $2, $3, $4, $5) RETURNING "id"[0m  [["title", "All the King's Men"], ["expiration", "2021-03-23 00:00:00"], ["kind", 0], ["created_at", "2021-03-23 06:55:40.467649"], ["updated_at", "2021-03-23 06:55:40.467649"]]
  [1m[36mTRANSACTION (22.4ms)[0m  [1m[35mCOMMIT[0m
  [1m[36mTRANSACTION (0.8ms)[0m  [1m[35mBEGIN[0m
  [1m[36mNote Create (3.2ms)[0m  [1m[32mINSERT INTO "notes" ("text", "diary_id", "created_at", "updated_at") VALUES ($1, $2, $3, $4) RETURNING "id"[0m  [["text", "Taming a Sea Horse"], ["diary_id", 1], ["created_at", "2021-03-23 06:55:40.524794"], ["updated_at", "2021-03-23 06:55:40.524794"]]
  [1m[36mTRANSACTION (32.3ms)[0m  [1m[35mCOMMIT[0m
  [1m[36mTRANSACTION (0.5ms)[0m  [1m[35mBEGIN[0m
  [1m[36mNote Create (0.9ms)[0m  [1m[32mINSERT INTO "notes" ("text", "diary_id", "created_at", "updated_at") VALUES ($1, $2, $3, $4) RETURNING "id"[0m  [["text", "Such, Such Were the Joys"], ["diary_id", 2], ["created_at", "2021-03-23 06:55:40.570296"], ["updated_at", "2021-03-23 06:55:40.570296"]]
  [1m[36mTRANSACTION (28.8ms)[0m  [1m[35mCOMMIT[0m
  [1m[36mTRANSACTION (0.5ms)[0m  [1m[35mBEGIN[0m
  [1m[36mNote Create (0.9ms)[0m  [1m[32mINSERT INTO "notes" ("text", "diary_id", "created_at", "updated_at") VALUES ($1, $2, $3, $4) RETURNING "id"[0m  [["text", "O Jerusalem!"], ["diary_id", 3], ["created_at", "2021-03-23 06:55:40.606004"], ["updated_at", "2021-03-23 06:55:40.606004"]]
  [1m[36mTRANSACTION (28.9ms)[0m  [1m[35mCOMMIT[0m
Started GET "/" for ::1 at 2021-03-23 13:58:26 +0700
  [1m[35m (2.3ms)[0m  [1m[34mSELECT "schema_migrations"."version" FROM "schema_migrations" ORDER BY "schema_migrations"."version" ASC[0m
Processing by Rails::WelcomeController#index as HTML
  Rendering /home/authoraytee/.asdf/installs/ruby/2.6.6/lib/ruby/gems/2.6.0/gems/railties-6.1.3/lib/rails/templates/rails/welcome/index.html.erb
  Rendered /home/authoraytee/.asdf/installs/ruby/2.6.6/lib/ruby/gems/2.6.0/gems/railties-6.1.3/lib/rails/templates/rails/welcome/index.html.erb (Duration: 13.1ms | Allocations: 528)
Completed 200 OK in 56ms (Views: 21.1ms | ActiveRecord: 0.0ms | Allocations: 4424)


Started GET "/sidekiq" for ::1 at 2021-03-23 13:58:34 +0700
  
ActionController::RoutingError (No route matches [GET] "/sidekiq"):
  
Started GET "/sidekiq" for ::1 at 2021-03-23 13:59:31 +0700
  [1m[35m (1.2ms)[0m  [1m[34mSELECT "schema_migrations"."version" FROM "schema_migrations" ORDER BY "schema_migrations"."version" ASC[0m
Started GET "/sidekiq/stylesheets/bootstrap.css" for ::1 at 2021-03-23 13:59:31 +0700
Started GET "/sidekiq/stylesheets/application.css" for ::1 at 2021-03-23 13:59:31 +0700
Started GET "/sidekiq/javascripts/application.js" for ::1 at 2021-03-23 13:59:31 +0700
Started GET "/sidekiq/javascripts/dashboard.js" for ::1 at 2021-03-23 13:59:31 +0700
Started GET "/sidekiq/stylesheets/application-dark.css" for ::1 at 2021-03-23 13:59:31 +0700
Started GET "/sidekiq/images/status.png" for ::1 at 2021-03-23 13:59:31 +0700
Started GET "/sidekiq/images/favicon.ico" for ::1 at 2021-03-23 13:59:31 +0700
Started GET "/sidekiq/stats" for ::1 at 2021-03-23 13:59:36 +0700
Started GET "/sidekiq/stats" for ::1 at 2021-03-23 13:59:41 +0700
Started GET "/sidekiq/stats" for ::1 at 2021-03-23 13:59:47 +0700
Started GET "/sidekiq/stats" for ::1 at 2021-03-23 13:59:52 +0700
Started GET "/sidekiq/stats" for ::1 at 2021-03-23 13:59:57 +0700
Started GET "/sidekiq/stats" for ::1 at 2021-03-23 14:00:02 +0700
Started GET "/sidekiq/stats" for ::1 at 2021-03-23 14:00:07 +0700
Started GET "/sidekiq/stats" for ::1 at 2021-03-23 14:00:12 +0700
Started GET "/sidekiq/stats" for ::1 at 2021-03-23 14:00:17 +0700
Started GET "/sidekiq/stats" for ::1 at 2021-03-23 14:00:22 +0700
Started GET "/sidekiq/stats" for ::1 at 2021-03-23 14:00:27 +0700
Started GET "/sidekiq/stats" for ::1 at 2021-03-23 14:00:38 +0700
  [1m[35m (1.6ms)[0m  [1m[34mSELECT "schema_migrations"."version" FROM "schema_migrations" ORDER BY "schema_migrations"."version" ASC[0m
Started GET "/sidekiq" for ::1 at 2021-03-23 14:00:41 +0700
Started GET "/sidekiq" for ::1 at 2021-03-23 14:00:41 +0700
Started GET "/sidekiq" for ::1 at 2021-03-23 14:00:43 +0700
Started GET "/sidekiq" for ::1 at 2021-03-23 14:00:47 +0700
Started GET "/sidekiq/stylesheets/bootstrap.css" for ::1 at 2021-03-23 14:00:47 +0700
Started GET "/sidekiq/stylesheets/application.css" for ::1 at 2021-03-23 14:00:47 +0700
Started GET "/sidekiq/javascripts/application.js" for ::1 at 2021-03-23 14:00:47 +0700
Started GET "/sidekiq/javascripts/dashboard.js" for ::1 at 2021-03-23 14:00:47 +0700
Started GET "/sidekiq/stylesheets/application-dark.css" for ::1 at 2021-03-23 14:00:47 +0700
Started GET "/sidekiq/images/status.png" for ::1 at 2021-03-23 14:00:47 +0700
Started GET "/sidekiq/images/favicon.ico" for ::1 at 2021-03-23 14:00:48 +0700
Started GET "/sidekiq/stats" for ::1 at 2021-03-23 14:00:53 +0700
Started GET "/sidekiq/stats" for ::1 at 2021-03-23 14:00:58 +0700
Started GET "/sidekiq/stats" for ::1 at 2021-03-23 14:01:03 +0700
Started GET "/sidekiq/stats" for ::1 at 2021-03-23 14:01:08 +0700
Started GET "/sidekiq/stats" for ::1 at 2021-03-23 14:01:13 +0700
Started GET "/sidekiq/stats" for ::1 at 2021-03-23 14:01:18 +0700
Started GET "/sidekiq/stats" for ::1 at 2021-03-23 14:01:23 +0700
Started GET "/sidekiq/stats" for ::1 at 2021-03-23 14:01:28 +0700
Started GET "/sidekiq/stats" for ::1 at 2021-03-23 14:01:33 +0700
Started GET "/sidekiq/stats" for ::1 at 2021-03-23 14:01:38 +0700
Started GET "/sidekiq/stats" for ::1 at 2021-03-23 14:01:43 +0700
Started GET "/sidekiq/stats" for ::1 at 2021-03-23 14:01:48 +0700
Started GET "/sidekiq/stats" for ::1 at 2021-03-23 14:01:53 +0700
Started GET "/sidekiq/stats" for ::1 at 2021-03-23 14:01:58 +0700
Started GET "/sidekiq/stats" for ::1 at 2021-03-23 14:02:03 +0700
Started GET "/sidekiq/stats" for ::1 at 2021-03-23 14:02:08 +0700
Started GET "/sidekiq/stats" for ::1 at 2021-03-23 14:02:13 +0700
Started GET "/sidekiq/stats" for ::1 at 2021-03-23 14:02:18 +0700
Started GET "/sidekiq/stats" for ::1 at 2021-03-23 14:02:23 +0700
Started GET "/sidekiq/stats" for ::1 at 2021-03-23 14:02:28 +0700
Started GET "/sidekiq/stats" for ::1 at 2021-03-23 14:02:33 +0700
Started GET "/sidekiq/stats" for ::1 at 2021-03-23 14:02:38 +0700
Started GET "/sidekiq/stats" for ::1 at 2021-03-23 14:02:43 +0700
Started GET "/sidekiq/stats" for ::1 at 2021-03-23 14:02:48 +0700
Started GET "/sidekiq/stats" for ::1 at 2021-03-23 14:02:53 +0700
Started GET "/sidekiq/stats" for ::1 at 2021-03-23 14:14:26 +0700
  [1m[35m (1.4ms)[0m  [1m[34mSELECT "schema_migrations"."version" FROM "schema_migrations" ORDER BY "schema_migrations"."version" ASC[0m
Started GET "/sidekiq/stats" for ::1 at 2021-03-23 14:15:25 +0700
Started GET "/sidekiq/stats" for ::1 at 2021-03-23 14:16:25 +0700
Started GET "/sidekiq/stats" for ::1 at 2021-03-23 14:17:25 +0700
Started GET "/sidekiq/stats" for ::1 at 2021-03-23 14:18:25 +0700
Started GET "/sidekiq/stats" for ::1 at 2021-03-23 14:19:25 +0700
Started GET "/sidekiq/stats" for ::1 at 2021-03-23 14:20:25 +0700
Started GET "/sidekiq/stats" for ::1 at 2021-03-23 14:21:25 +0700
Started GET "/sidekiq/stats" for ::1 at 2021-03-23 14:22:25 +0700
Started GET "/sidekiq/stats" for ::1 at 2021-03-23 14:23:25 +0700
Started GET "/sidekiq/stats" for ::1 at 2021-03-23 14:24:25 +0700
Started GET "/sidekiq/stats" for ::1 at 2021-03-23 14:25:25 +0700
Started GET "/sidekiq/stats" for ::1 at 2021-03-23 14:26:25 +0700
